  Dron.cpp
C:\Users\ampac\Documents\git_Repositorios\UCM_Repos\IG\Practica2\OGREsdk\include\OGRE\OgreHardwareBuffer.h(180,45): warning C4251: 'Ogre::HardwareBuffer::mShadowBuffer': class 'std::unique_ptr<Ogre::HardwareBuffer,std::default_delete<Ogre::HardwareBuffer>>' necesita tener una interfaz DLL para que la utilicen los clientes de class 'Ogre::HardwareBuffer'
C:\Users\ampac\Documents\git_Repositorios\UCM_Repos\IG\Practica2\OGREsdk\include\OGRE\OgreHardwareBuffer.h(180): message : vea la declaración de 'std::unique_ptr<Ogre::HardwareBuffer,std::default_delete<Ogre::HardwareBuffer>>'
C:\Users\ampac\Documents\git_Repositorios\UCM_Repos\IG\Practica2\OGREsdk\include\OGRE\OgreTimer.h(41,47): warning C4251: 'Ogre::Timer::start': class 'std::chrono::time_point<std::chrono::steady_clock,std::chrono::nanoseconds>' necesita tener una interfaz DLL para que la utilicen los clientes de class 'Ogre::Timer'
C:\Program Files (x86)\Microsoft Visual Studio\2019\Community\VC\Tools\MSVC\14.29.30133\include\chrono(701): message : vea la declaración de 'std::chrono::time_point<std::chrono::steady_clock,std::chrono::nanoseconds>'
C:\Users\ampac\Documents\git_Repositorios\UCM_Repos\IG\Practica2\IG2App\Dron.cpp(10,28): warning C4244: 'argumento': conversión de 'int' a 'Ogre::Real'; posible pérdida de datos
C:\Users\ampac\Documents\git_Repositorios\UCM_Repos\IG\Practica2\IG2App\Dron.cpp(10,24): warning C4244: 'argumento': conversión de 'int' a 'Ogre::Real'; posible pérdida de datos
C:\Users\ampac\Documents\git_Repositorios\UCM_Repos\IG\Practica2\IG2App\Dron.cpp(10,20): warning C4244: 'argumento': conversión de 'int' a 'Ogre::Real'; posible pérdida de datos
C:\Users\ampac\Documents\git_Repositorios\UCM_Repos\IG\Practica2\IG2App\Dron.cpp(39,26): warning C4244: 'argumento': conversión de 'int' a 'Ogre::Real'; posible pérdida de datos
C:\Users\ampac\Documents\git_Repositorios\UCM_Repos\IG\Practica2\IG2App\Dron.cpp(45,20): warning C4018: '<': no coinciden signed/unsigned
C:\Users\ampac\Documents\git_Repositorios\UCM_Repos\IG\Practica2\IG2App\Dron.cpp(64,41): warning C4018: '>=': no coinciden signed/unsigned
C:\Users\ampac\Documents\git_Repositorios\UCM_Repos\IG\Practica2\IG2App\Dron.cpp(74,40): warning C4018: '>=': no coinciden signed/unsigned
C:\Users\ampac\Documents\git_Repositorios\UCM_Repos\IG\Practica2\IG2App\Dron.cpp(81,17): warning C4244: 'inicializando': conversión de 'int' a 'float'; posible pérdida de datos
  Generando código
  2 of 869 functions ( 0.2%) were compiled, the rest were copied from previous compilation.
    0 functions were new in current compilation
    0 functions had inline decision re-evaluated but remain unchanged
  Generación de código finalizada
SDL2main.lib(SDL_windows_main.obj) : warning LNK4099: no se encontró PDB 'SDL2main.pdb' con 'SDL2main.lib(SDL_windows_main.obj)' o en 'C:\Users\ampac\Documents\git_Repositorios\UCM_Repos\IG\Practica2\bin\SDL2main.pdb'; se vinculará el objeto sin tener en cuenta información de depuración
  IG2App.vcxproj -> C:\Users\ampac\Documents\git_Repositorios\UCM_Repos\IG\Practica2\bin\IG2AppRelease.exe
