u:\ucm_repos\ig\practica2\ig2app\release\vc142.pdb
u:\ucm_repos\ig\practica2\ig2app\release\sinbad.obj
u:\ucm_repos\ig\practica2\ig2app\release\rotordron.obj
u:\ucm_repos\ig\practica2\ig2app\release\plano.obj
u:\ucm_repos\ig\practica2\ig2app\release\entidadig.obj
u:\ucm_repos\ig\practica2\ig2app\release\molino.obj
u:\ucm_repos\ig\practica2\ig2app\release\ig2main.obj
u:\ucm_repos\ig\practica2\ig2app\release\ig2applicationcontext.obj
u:\ucm_repos\ig\practica2\ig2app\release\ig2app.obj
u:\ucm_repos\ig\practica2\ig2app\release\dron.obj
u:\ucm_repos\ig\practica2\ig2app\release\brazodron.obj
u:\ucm_repos\ig\practica2\ig2app\release\bomba.obj
u:\ucm_repos\ig\practica2\ig2app\release\avion.obj
u:\ucm_repos\ig\practica2\ig2app\release\aspasmolino.obj
u:\ucm_repos\ig\practica2\ig2app\release\aspa.obj
u:\ucm_repos\ig\practica2\ig2app\release\ig2apprelease.ipdb
u:\ucm_repos\ig\practica2\ig2app\release\ig2apprelease.iobj
u:\ucm_repos\ig\practica2\bin\ig2apprelease.pdb
u:\ucm_repos\ig\practica2\bin\ig2apprelease.exe
u:\ucm_repos\ig\practica2\ig2app\release\ig2app.tlog\cl.command.1.tlog
u:\ucm_repos\ig\practica2\ig2app\release\ig2app.tlog\cl.read.1.tlog
u:\ucm_repos\ig\practica2\ig2app\release\ig2app.tlog\cl.write.1.tlog
u:\ucm_repos\ig\practica2\ig2app\release\ig2app.tlog\link.command.1.tlog
u:\ucm_repos\ig\practica2\ig2app\release\ig2app.tlog\link.read.1.tlog
u:\ucm_repos\ig\practica2\ig2app\release\ig2app.tlog\link.write.1.tlog
